<?xml version="1.0" encoding="UTF-8"?>
<!-- Generated by org.testng.reporters.JUnitReportReporter -->
<testsuite hostname="DESKTOP-I91AM2E" failures="0" tests="8" name="execution.TestExecution" time="104.327" errors="0" timestamp="2025-05-08T02:34:04 GMT+06:00" skipped="0">
  <testcase classname="execution.TestExecution" name="loginFunctionality" time="7.066"/>
  <testcase classname="execution.TestExecution" name="loginNegative" time="8.598"/>
  <testcase classname="execution.TestExecution" name="AddToCart" time="12.271"/>
  <testcase classname="execution.TestExecution" name="CheckOut" time="19.027"/>
  <testcase classname="execution.TestExecution" name="Sorting_Products" time="23.002"/>
  <testcase classname="execution.TestExecution" name="LogoutFunctionalityTest" time="12.842"/>
  <testcase classname="execution.TestExecution" name="LockedOutUserValidation" time="10.435"/>
  <testcase classname="execution.TestExecution" name="CartBadgeCountValidation" time="11.086"/>
</testsuite> <!-- execution.TestExecution -->
